zxingdemo/build/intermediates/manifest_merge_blame_file/debug/manifest-merger-blame-debug-report.txt
1<?xml version="1.0" encoding="utf-8"?>
2<manifest xmlns:android="http://schemas.android.com/apk/res/android"
3    package="cn.bingoogolapple.qrcode.zxingdemo"
4    android:versionCode="137"
5    android:versionName="1.3.7" >
6    <!--
7        为了方便写demo，引入了 https://github.com/bingoogolapple/BGAPhotoPicker-Android
8        和 https://github.com/bingoogolapple/BGAAdapter-Android 这两个库
9        你自己项目里没用这两个库的话不需要加这个
10    -->
11    <uses-sdk
11-->src/main/AndroidManifest.xml:11:5-111
12        android:minSdkVersion="14"
12-->src/main/AndroidManifest.xml:11:5-111
13        android:targetSdkVersion="28" />
13-->src/main/AndroidManifest.xml:11:5-111
14
15    <uses-permission android:name="android.permission.VIBRATE" />
15-->src/main/AndroidManifest.xml:13:5-66
15-->src/main/AndroidManifest.xml:13:22-63
16    <uses-permission android:name="android.permission.READ_EXTERNAL_STORAGE" />
16-->src/main/AndroidManifest.xml:14:5-80
16-->src/main/AndroidManifest.xml:14:22-77
17    <uses-permission android:name="android.permission.WRITE_EXTERNAL_STORAGE" />
17-->[cn.bingoogolapple:bga-photopicker:1.2.8] AndroidManifest.xml:10:5-81
17-->[cn.bingoogolapple:bga-photopicker:1.2.8] AndroidManifest.xml:10:22-78
18    <uses-permission android:name="android.permission.CAMERA" />
18-->[cn.bingoogolapple:bga-photopicker:1.2.8] AndroidManifest.xml:11:5-65
18-->[cn.bingoogolapple:bga-photopicker:1.2.8] AndroidManifest.xml:11:22-62
19    <uses-permission android:name="android.permission.FLASHLIGHT" />
19-->[:qrcodecore] AndroidManifest.xml:10:5-69
19-->[:qrcodecore] AndroidManifest.xml:10:22-66
20
21    <uses-feature
21-->[:qrcodecore] AndroidManifest.xml:12:5-14:36
22        android:name="android.hardware.camera.autofocus"
22-->[:qrcodecore] AndroidManifest.xml:13:9-57
23        android:required="false" />
23-->[:qrcodecore] AndroidManifest.xml:14:9-33
24    <uses-feature
24-->[:qrcodecore] AndroidManifest.xml:15:5-17:36
25        android:name="android.hardware.camera.flash"
25-->[:qrcodecore] AndroidManifest.xml:16:9-53
26        android:required="false" />
26-->[:qrcodecore] AndroidManifest.xml:17:9-33
27
28    <application
28-->src/main/AndroidManifest.xml:16:5-37:19
29        android:allowBackup="true"
29-->src/main/AndroidManifest.xml:17:9-35
30        android:appComponentFactory="android.support.v4.app.CoreComponentFactory"
30-->[com.android.support:support-compat:28.0.0] AndroidManifest.xml:22:18-91
31        android:debuggable="true"
32        android:icon="@mipmap/ic_launcher"
32-->src/main/AndroidManifest.xml:18:9-43
33        android:label="@string/app_name"
33-->src/main/AndroidManifest.xml:19:9-41
34        android:testOnly="true"
35        android:theme="@style/AppTheme" >
35-->src/main/AndroidManifest.xml:20:9-40
36        <activity
36-->src/main/AndroidManifest.xml:21:9-30:20
37            android:name="cn.bingoogolapple.qrcode.zxingdemo.MainActivity"
37-->src/main/AndroidManifest.xml:22:13-41
38            android:label="@string/app_name"
38-->src/main/AndroidManifest.xml:23:13-45
39            android:screenOrientation="portrait" >
39-->src/main/AndroidManifest.xml:24:13-49
40            <intent-filter>
40-->src/main/AndroidManifest.xml:25:13-29:29
41                <action android:name="android.intent.action.MAIN" />
41-->src/main/AndroidManifest.xml:26:17-69
41-->src/main/AndroidManifest.xml:26:25-66
42
43                <category android:name="android.intent.category.LAUNCHER" />
43-->src/main/AndroidManifest.xml:28:17-77
43-->src/main/AndroidManifest.xml:28:27-74
44            </intent-filter>
45        </activity>
46        <activity android:name="cn.bingoogolapple.qrcode.zxingdemo.TestScanActivity" />
46-->src/main/AndroidManifest.xml:32:9-54
46-->src/main/AndroidManifest.xml:32:19-51
47        <activity
47-->src/main/AndroidManifest.xml:34:9-36:52
48            android:name="cn.bingoogolapple.qrcode.zxingdemo.TestGeneratectivity"
48-->src/main/AndroidManifest.xml:35:13-48
49            android:screenOrientation="portrait" />
49-->src/main/AndroidManifest.xml:36:13-49
50        <activity
50-->[pub.devrel:easypermissions:1.0.1] AndroidManifest.xml:12:9-16:66
51            android:name="pub.devrel.easypermissions.AppSettingsDialogHolderActivity"
51-->[pub.devrel:easypermissions:1.0.1] AndroidManifest.xml:13:13-86
52            android:exported="false"
52-->[pub.devrel:easypermissions:1.0.1] AndroidManifest.xml:14:13-37
53            android:label=""
53-->[pub.devrel:easypermissions:1.0.1] AndroidManifest.xml:15:13-29
54            android:theme="@style/EasyPermissions.Transparent" /> <!-- 图片预览界面 -->
54-->[pub.devrel:easypermissions:1.0.1] AndroidManifest.xml:16:13-63
55        <activity
55-->[cn.bingoogolapple:bga-photopicker:1.2.8] AndroidManifest.xml:16:9-21:63
56            android:name="cn.bingoogolapple.photopicker.activity.BGAPhotoPreviewActivity"
56-->[cn.bingoogolapple:bga-photopicker:1.2.8] AndroidManifest.xml:17:13-90
57            android:configChanges="keyboardHidden|orientation|screenSize"
57-->[cn.bingoogolapple:bga-photopicker:1.2.8] AndroidManifest.xml:18:13-74
58            android:screenOrientation="portrait"
58-->[cn.bingoogolapple:bga-photopicker:1.2.8] AndroidManifest.xml:19:13-49
59            android:theme="@style/BGAPPTheme"
59-->[cn.bingoogolapple:bga-photopicker:1.2.8] AndroidManifest.xml:20:13-46
60            android:windowSoftInputMode="stateAlwaysHidden" /> <!-- 图片选择界面 -->
60-->[cn.bingoogolapple:bga-photopicker:1.2.8] AndroidManifest.xml:21:13-60
61        <activity
61-->[cn.bingoogolapple:bga-photopicker:1.2.8] AndroidManifest.xml:24:9-29:63
62            android:name="cn.bingoogolapple.photopicker.activity.BGAPhotoPickerActivity"
62-->[cn.bingoogolapple:bga-photopicker:1.2.8] AndroidManifest.xml:25:13-89
63            android:configChanges="keyboardHidden|orientation|screenSize"
63-->[cn.bingoogolapple:bga-photopicker:1.2.8] AndroidManifest.xml:26:13-74
64            android:screenOrientation="portrait"
64-->[cn.bingoogolapple:bga-photopicker:1.2.8] AndroidManifest.xml:27:13-49
65            android:theme="@style/BGAPPTheme"
65-->[cn.bingoogolapple:bga-photopicker:1.2.8] AndroidManifest.xml:28:13-46
66            android:windowSoftInputMode="stateAlwaysHidden" /> <!-- 图片选择预览界面 -->
66-->[cn.bingoogolapple:bga-photopicker:1.2.8] AndroidManifest.xml:29:13-60
67        <activity
67-->[cn.bingoogolapple:bga-photopicker:1.2.8] AndroidManifest.xml:32:9-37:63
68            android:name="cn.bingoogolapple.photopicker.activity.BGAPhotoPickerPreviewActivity"
68-->[cn.bingoogolapple:bga-photopicker:1.2.8] AndroidManifest.xml:33:13-96
69            android:configChanges="keyboardHidden|orientation|screenSize"
69-->[cn.bingoogolapple:bga-photopicker:1.2.8] AndroidManifest.xml:34:13-74
70            android:screenOrientation="portrait"
70-->[cn.bingoogolapple:bga-photopicker:1.2.8] AndroidManifest.xml:35:13-49
71            android:theme="@style/BGAPPTheme"
71-->[cn.bingoogolapple:bga-photopicker:1.2.8] AndroidManifest.xml:36:13-46
72            android:windowSoftInputMode="stateAlwaysHidden" />
72-->[cn.bingoogolapple:bga-photopicker:1.2.8] AndroidManifest.xml:37:13-60
73
74        <provider
74-->[cn.bingoogolapple:bga-photopicker:1.2.8] AndroidManifest.xml:39:9-47:20
75            android:name="cn.bingoogolapple.photopicker.util.BGAPhotoFileProvider"
75-->[cn.bingoogolapple:bga-photopicker:1.2.8] AndroidManifest.xml:40:13-83
76            android:authorities="cn.bingoogolapple.qrcode.zxingdemo.bga_photo_picker.file_provider"
76-->[cn.bingoogolapple:bga-photopicker:1.2.8] AndroidManifest.xml:41:13-82
77            android:exported="false"
77-->[cn.bingoogolapple:bga-photopicker:1.2.8] AndroidManifest.xml:42:13-37
78            android:grantUriPermissions="true" >
78-->[cn.bingoogolapple:bga-photopicker:1.2.8] AndroidManifest.xml:43:13-47
79            <meta-data
79-->[cn.bingoogolapple:bga-photopicker:1.2.8] AndroidManifest.xml:44:13-46:71
80                android:name="android.support.FILE_PROVIDER_PATHS"
80-->[cn.bingoogolapple:bga-photopicker:1.2.8] AndroidManifest.xml:45:17-67
81                android:resource="@xml/bga_photo_picker_file_paths" />
81-->[cn.bingoogolapple:bga-photopicker:1.2.8] AndroidManifest.xml:46:17-68
82        </provider>
83    </application>
84
85</manifest>